<?xml version="1.0" encoding="UTF-8"?>
<coverage generated="1650728430475" clover="3.2.0">
  <project timestamp="1650728430475" name="All files">
    <metrics statements="57" coveredstatements="57" conditionals="8" coveredconditionals="8" methods="17" coveredmethods="17" elements="82" coveredelements="82" complexity="0" loc="57" ncloc="57" packages="3" files="3" classes="3"/>
    <package name="routes.users">
      <metrics statements="37" coveredstatements="37" conditionals="8" coveredconditionals="8" methods="13" coveredmethods="13"/>
      <file name="userController.ts" path="C:\Users\me\Desktop\node-apps\ts-di\src\routes\users\userController.ts">
        <metrics statements="37" coveredstatements="37" conditionals="8" coveredconditionals="8" methods="13" coveredmethods="13"/>
        <line num="2" count="1" type="stmt"/>
        <line num="4" count="1" type="stmt"/>
        <line num="5" count="1" type="stmt"/>
        <line num="7" count="1" type="stmt"/>
        <line num="9" count="1" type="stmt"/>
        <line num="10" count="2" type="stmt"/>
        <line num="11" count="2" type="stmt"/>
        <line num="12" count="1" type="stmt"/>
        <line num="13" count="1" type="stmt"/>
        <line num="16" count="1" type="stmt"/>
        <line num="23" count="2" type="stmt"/>
        <line num="24" count="2" type="stmt"/>
        <line num="25" count="2" type="cond" truecount="1" falsecount="0"/>
        <line num="26" count="1" type="stmt"/>
        <line num="28" count="1" type="stmt"/>
        <line num="31" count="1" type="stmt"/>
        <line num="32" count="3" type="stmt"/>
        <line num="36" count="3" type="stmt"/>
        <line num="38" count="2" type="cond" truecount="2" falsecount="0"/>
        <line num="42" count="1" type="stmt"/>
        <line num="46" count="2" type="stmt"/>
        <line num="50" count="2" type="stmt"/>
        <line num="58" count="1" type="stmt"/>
        <line num="63" count="2" type="stmt"/>
        <line num="64" count="2" type="cond" truecount="1" falsecount="0"/>
        <line num="65" count="1" type="stmt"/>
        <line num="67" count="1" type="stmt"/>
        <line num="68" count="1" type="stmt"/>
        <line num="69" count="1" type="stmt"/>
        <line num="75" count="1" type="stmt"/>
        <line num="76" count="1" type="stmt"/>
        <line num="79" count="1" type="stmt"/>
        <line num="82" count="2" type="stmt"/>
        <line num="83" count="2" type="stmt"/>
        <line num="84" count="2" type="stmt"/>
        <line num="85" count="1" type="stmt"/>
        <line num="86" count="1" type="stmt"/>
      </file>
    </package>
    <package name="services">
      <metrics statements="16" coveredstatements="16" conditionals="0" coveredconditionals="0" methods="3" coveredmethods="3"/>
      <file name="userService.ts" path="C:\Users\me\Desktop\node-apps\ts-di\src\services\userService.ts">
        <metrics statements="16" coveredstatements="16" conditionals="0" coveredconditionals="0" methods="3" coveredmethods="3"/>
        <line num="1" count="1" type="stmt"/>
        <line num="5" count="1" type="stmt"/>
        <line num="6" count="2" type="stmt"/>
        <line num="7" count="2" type="stmt"/>
        <line num="8" count="1" type="stmt"/>
        <line num="10" count="1" type="stmt"/>
        <line num="14" count="1" type="stmt"/>
        <line num="15" count="2" type="stmt"/>
        <line num="16" count="2" type="stmt"/>
        <line num="17" count="1" type="stmt"/>
        <line num="19" count="1" type="stmt"/>
        <line num="23" count="1" type="stmt"/>
        <line num="24" count="2" type="stmt"/>
        <line num="25" count="2" type="stmt"/>
        <line num="26" count="1" type="stmt"/>
        <line num="28" count="1" type="stmt"/>
      </file>
    </package>
    <package name="util">
      <metrics statements="4" coveredstatements="4" conditionals="0" coveredconditionals="0" methods="1" coveredmethods="1"/>
      <file name="passwords.ts" path="C:\Users\me\Desktop\node-apps\ts-di\src\util\passwords.ts">
        <metrics statements="4" coveredstatements="4" conditionals="0" coveredconditionals="0" methods="1" coveredmethods="1"/>
        <line num="1" count="1" type="stmt"/>
        <line num="3" count="1" type="stmt"/>
        <line num="4" count="1" type="stmt"/>
        <line num="5" count="1" type="stmt"/>
      </file>
    </package>
  </project>
</coverage>
