{"/Users/kennethlandsbaum/ts-di/src/constants/Repositories.ts": {"path":"/Users/kennethlandsbaum/ts-di/src/constants/Repositories.ts","statementMap":{"0":{"start":{"line":1,"column":0},"end":{"line":1,"column":null}},"1":{"start":{"line":2,"column":2},"end":{"line":2,"column":null}},"2":{"start":{"line":3,"column":2},"end":{"line":3,"column":null}},"3":{"start":{"line":4,"column":2},"end":{"line":4,"column":null}}},"fnMap":{"0":{"name":"(anonymous_0)","decl":{"start":{"line":1,"column":0},"end":{"line":1,"column":12}},"loc":{"start":{"line":1,"column":24},"end":{"line":5,"column":1}}}},"branchMap":{"0":{"loc":{"start":{"line":1,"column":12},"end":{"line":1,"column":null}},"type":"binary-expr","locations":[{"start":{"line":1,"column":12},"end":{"line":1,"column":24}},{"start":{"line":1,"column":12},"end":{"line":1,"column":null}}]}},"s":{"0":1,"1":1,"2":1,"3":1},"f":{"0":1},"b":{"0":[1,1]}}
,"/Users/kennethlandsbaum/ts-di/src/routes/users/userController.ts": {"path":"/Users/kennethlandsbaum/ts-di/src/routes/users/userController.ts","statementMap":{"0":{"start":{"line":2,"column":0},"end":{"line":2,"column":84}},"1":{"start":{"line":3,"column":0},"end":{"line":3,"column":60}},"2":{"start":{"line":4,"column":0},"end":{"line":4,"column":59}},"3":{"start":{"line":6,"column":0},"end":{"line":6,"column":68}},"4":{"start":{"line":8,"column":0},"end":{"line":8,"column":60}},"5":{"start":{"line":11,"column":17},"end":{"line":11,"column":79}},"6":{"start":{"line":12,"column":2},"end":{"line":14,"column":60}},"7":{"start":{"line":13,"column":20},"end":{"line":13,"column":47}},"8":{"start":{"line":14,"column":21},"end":{"line":14,"column":58}},"9":{"start":{"line":10,"column":0},"end":{"line":10,"column":22}},"10":{"start":{"line":24,"column":6},"end":{"line":24,"column":9}},"11":{"start":{"line":25,"column":20},"end":{"line":25,"column":36}},"12":{"start":{"line":26,"column":2},"end":{"line":28,"column":null}},"13":{"start":{"line":27,"column":4},"end":{"line":27,"column":80}},"14":{"start":{"line":29,"column":2},"end":{"line":29,"column":9}},"15":{"start":{"line":17,"column":0},"end":{"line":17,"column":16}},"16":{"start":{"line":33,"column":17},"end":{"line":35,"column":null}},"17":{"start":{"line":37,"column":2},"end":{"line":43,"column":60}},"18":{"start":{"line":39,"column":6},"end":{"line":41,"column":58}},"19":{"start":{"line":43,"column":21},"end":{"line":43,"column":58}},"20":{"start":{"line":32,"column":0},"end":{"line":32,"column":22}},"21":{"start":{"line":47,"column":2},"end":{"line":47,"column":13}},"22":{"start":{"line":51,"column":2},"end":{"line":56,"column":4}},"23":{"start":{"line":64,"column":19},"end":{"line":64,"column":22}},"24":{"start":{"line":65,"column":2},"end":{"line":67,"column":null}},"25":{"start":{"line":66,"column":4},"end":{"line":66,"column":63}},"26":{"start":{"line":68,"column":38},"end":{"line":69,"column":null}},"27":{"start":{"line":71,"column":53},"end":{"line":71,"column":57}},"28":{"start":{"line":72,"column":15},"end":{"line":77,"column":4}},"29":{"start":{"line":78,"column":2},"end":{"line":78,"column":23}},"30":{"start":{"line":79,"column":2},"end":{"line":79,"column":9}},"31":{"start":{"line":59,"column":0},"end":{"line":59,"column":16}},"32":{"start":{"line":85,"column":6},"end":{"line":85,"column":9}},"33":{"start":{"line":86,"column":17},"end":{"line":88,"column":null}},"34":{"start":{"line":90,"column":2},"end":{"line":92,"column":60}},"35":{"start":{"line":91,"column":20},"end":{"line":91,"column":47}},"36":{"start":{"line":92,"column":21},"end":{"line":92,"column":58}},"37":{"start":{"line":82,"column":0},"end":{"line":82,"column":22}},"38":{"start":{"line":96,"column":27},"end":{"line":96,"column":30}},"39":{"start":{"line":97,"column":2},"end":{"line":99,"column":null}},"40":{"start":{"line":98,"column":4},"end":{"line":98,"column":61}},"41":{"start":{"line":100,"column":2},"end":{"line":100,"column":9}},"42":{"start":{"line":95,"column":0},"end":{"line":95,"column":16}},"43":{"start":{"line":103,"column":27},"end":{"line":103,"column":30}},"44":{"start":{"line":104,"column":17},"end":{"line":107,"column":null}},"45":{"start":{"line":109,"column":2},"end":{"line":111,"column":60}},"46":{"start":{"line":110,"column":20},"end":{"line":110,"column":47}},"47":{"start":{"line":111,"column":21},"end":{"line":111,"column":58}},"48":{"start":{"line":102,"column":0},"end":{"line":102,"column":22}}},"fnMap":{"0":{"name":"getUsersRoute","decl":{"start":{"line":10,"column":22},"end":{"line":10,"column":35}},"loc":{"start":{"line":10,"column":63},"end":{"line":15,"column":null}}},"1":{"name":"(anonymous_9)","decl":{"start":{"line":13,"column":9},"end":{"line":13,"column":10}},"loc":{"start":{"line":13,"column":20},"end":{"line":13,"column":47}}},"2":{"name":"(anonymous_10)","decl":{"start":{"line":14,"column":12},"end":{"line":14,"column":13}},"loc":{"start":{"line":14,"column":21},"end":{"line":14,"column":58}}},"3":{"name":"validateGetUser","decl":{"start":{"line":17,"column":16},"end":{"line":17,"column":31}},"loc":{"start":{"line":20,"column":20},"end":{"line":30,"column":1}}},"4":{"name":"getUserRoute","decl":{"start":{"line":32,"column":22},"end":{"line":32,"column":34}},"loc":{"start":{"line":32,"column":62},"end":{"line":44,"column":null}}},"5":{"name":"(anonymous_14)","decl":{"start":{"line":38,"column":9},"end":{"line":38,"column":10}},"loc":{"start":{"line":38,"column":19},"end":{"line":42,"column":5}}},"6":{"name":"(anonymous_15)","decl":{"start":{"line":43,"column":12},"end":{"line":43,"column":13}},"loc":{"start":{"line":43,"column":21},"end":{"line":43,"column":58}}},"7":{"name":"getNumericId","decl":{"start":{"line":46,"column":9},"end":{"line":46,"column":21}},"loc":{"start":{"line":46,"column":32},"end":{"line":48,"column":1}}},"8":{"name":"userDataIsValid","decl":{"start":{"line":50,"column":9},"end":{"line":50,"column":24}},"loc":{"start":{"line":50,"column":34},"end":{"line":57,"column":1}}},"9":{"name":"createUserFromPost","decl":{"start":{"line":59,"column":16},"end":{"line":59,"column":34}},"loc":{"start":{"line":62,"column":20},"end":{"line":80,"column":1}}},"10":{"name":"postUserRoute","decl":{"start":{"line":82,"column":22},"end":{"line":82,"column":35}},"loc":{"start":{"line":82,"column":63},"end":{"line":93,"column":null}}},"11":{"name":"(anonymous_21)","decl":{"start":{"line":91,"column":9},"end":{"line":91,"column":10}},"loc":{"start":{"line":91,"column":20},"end":{"line":91,"column":47}}},"12":{"name":"(anonymous_22)","decl":{"start":{"line":92,"column":12},"end":{"line":92,"column":13}},"loc":{"start":{"line":92,"column":21},"end":{"line":92,"column":58}}},"13":{"name":"validateUpdateUser","decl":{"start":{"line":95,"column":16},"end":{"line":95,"column":34}},"loc":{"start":{"line":95,"column":82},"end":{"line":101,"column":1}}},"14":{"name":"updateUserRoute","decl":{"start":{"line":102,"column":22},"end":{"line":102,"column":37}},"loc":{"start":{"line":102,"column":65},"end":{"line":112,"column":null}}},"15":{"name":"(anonymous_26)","decl":{"start":{"line":110,"column":9},"end":{"line":110,"column":10}},"loc":{"start":{"line":110,"column":20},"end":{"line":110,"column":47}}},"16":{"name":"(anonymous_27)","decl":{"start":{"line":111,"column":12},"end":{"line":111,"column":13}},"loc":{"start":{"line":111,"column":21},"end":{"line":111,"column":58}}}},"branchMap":{"0":{"loc":{"start":{"line":26,"column":2},"end":{"line":28,"column":null}},"type":"if","locations":[{"start":{"line":26,"column":2},"end":{"line":28,"column":null}}]},"1":{"loc":{"start":{"line":39,"column":6},"end":{"line":41,"column":57}},"type":"cond-expr","locations":[{"start":{"line":40,"column":10},"end":{"line":40,"column":37}},{"start":{"line":41,"column":10},"end":{"line":41,"column":57}}]},"2":{"loc":{"start":{"line":52,"column":4},"end":{"line":55,"column":18}},"type":"binary-expr","locations":[{"start":{"line":52,"column":4},"end":{"line":52,"column":20}},{"start":{"line":53,"column":4},"end":{"line":53,"column":19}},{"start":{"line":54,"column":4},"end":{"line":54,"column":15}},{"start":{"line":55,"column":4},"end":{"line":55,"column":18}}]},"3":{"loc":{"start":{"line":65,"column":2},"end":{"line":67,"column":null}},"type":"if","locations":[{"start":{"line":65,"column":2},"end":{"line":67,"column":null}}]},"4":{"loc":{"start":{"line":97,"column":2},"end":{"line":99,"column":null}},"type":"if","locations":[{"start":{"line":97,"column":2},"end":{"line":99,"column":null}}]},"5":{"loc":{"start":{"line":97,"column":6},"end":{"line":97,"column":93}},"type":"binary-expr","locations":[{"start":{"line":97,"column":6},"end":{"line":97,"column":16}},{"start":{"line":97,"column":20},"end":{"line":97,"column":37}},{"start":{"line":97,"column":42},"end":{"line":97,"column":58}},{"start":{"line":97,"column":62},"end":{"line":97,"column":77}},{"start":{"line":97,"column":81},"end":{"line":97,"column":92}}]}},"s":{"0":1,"1":1,"2":1,"3":1,"4":1,"5":2,"6":2,"7":1,"8":1,"9":1,"10":2,"11":2,"12":2,"13":1,"14":1,"15":1,"16":3,"17":3,"18":2,"19":1,"20":1,"21":2,"22":2,"23":2,"24":2,"25":1,"26":1,"27":1,"28":1,"29":1,"30":1,"31":1,"32":2,"33":2,"34":2,"35":1,"36":1,"37":1,"38":4,"39":4,"40":3,"41":1,"42":1,"43":2,"44":2,"45":2,"46":1,"47":1,"48":1},"f":{"0":2,"1":1,"2":1,"3":2,"4":3,"5":2,"6":1,"7":2,"8":2,"9":2,"10":2,"11":1,"12":1,"13":4,"14":2,"15":1,"16":1},"b":{"0":[1],"1":[1,1],"2":[2,2,1,1],"3":[1],"4":[3],"5":[4,3,2,1,1]}}
,"/Users/kennethlandsbaum/ts-di/src/services/userService.ts": {"path":"/Users/kennethlandsbaum/ts-di/src/services/userService.ts","statementMap":{"0":{"start":{"line":1,"column":0},"end":{"line":1,"column":37}},"1":{"start":{"line":6,"column":2},"end":{"line":11,"column":null}},"2":{"start":{"line":7,"column":18},"end":{"line":7,"column":40}},"3":{"start":{"line":8,"column":4},"end":{"line":8,"column":21}},"4":{"start":{"line":10,"column":4},"end":{"line":10,"column":18}},"5":{"start":{"line":5,"column":0},"end":{"line":5,"column":22}},"6":{"start":{"line":15,"column":2},"end":{"line":20,"column":null}},"7":{"start":{"line":16,"column":17},"end":{"line":16,"column":50}},"8":{"start":{"line":17,"column":4},"end":{"line":17,"column":20}},"9":{"start":{"line":19,"column":4},"end":{"line":19,"column":18}},"10":{"start":{"line":14,"column":0},"end":{"line":14,"column":22}},"11":{"start":{"line":24,"column":2},"end":{"line":29,"column":null}},"12":{"start":{"line":25,"column":21},"end":{"line":25,"column":47}},"13":{"start":{"line":26,"column":4},"end":{"line":26,"column":24}},"14":{"start":{"line":28,"column":4},"end":{"line":28,"column":18}},"15":{"start":{"line":23,"column":0},"end":{"line":23,"column":22}},"16":{"start":{"line":33,"column":2},"end":{"line":38,"column":null}},"17":{"start":{"line":34,"column":21},"end":{"line":34,"column":53}},"18":{"start":{"line":35,"column":4},"end":{"line":35,"column":24}},"19":{"start":{"line":37,"column":4},"end":{"line":37,"column":18}},"20":{"start":{"line":32,"column":0},"end":{"line":32,"column":22}}},"fnMap":{"0":{"name":"getUsers","decl":{"start":{"line":5,"column":22},"end":{"line":5,"column":30}},"loc":{"start":{"line":5,"column":58},"end":{"line":12,"column":null}}},"1":{"name":"getUser","decl":{"start":{"line":14,"column":22},"end":{"line":14,"column":29}},"loc":{"start":{"line":14,"column":69},"end":{"line":21,"column":null}}},"2":{"name":"addUser","decl":{"start":{"line":23,"column":22},"end":{"line":23,"column":29}},"loc":{"start":{"line":23,"column":69},"end":{"line":30,"column":null}}},"3":{"name":"updateUser","decl":{"start":{"line":32,"column":22},"end":{"line":32,"column":32}},"loc":{"start":{"line":32,"column":93},"end":{"line":39,"column":null}}}},"branchMap":{},"s":{"0":1,"1":2,"2":2,"3":1,"4":1,"5":1,"6":2,"7":2,"8":1,"9":1,"10":1,"11":2,"12":2,"13":1,"14":1,"15":1,"16":2,"17":2,"18":1,"19":1,"20":1},"f":{"0":2,"1":2,"2":2,"3":2},"b":{}}
,"/Users/kennethlandsbaum/ts-di/src/util/apiResponses.ts": {"path":"/Users/kennethlandsbaum/ts-di/src/util/apiResponses.ts","statementMap":{"0":{"start":{"line":4,"column":2},"end":{"line":4,"column":37}},"1":{"start":{"line":3,"column":0},"end":{"line":3,"column":16}},"2":{"start":{"line":8,"column":2},"end":{"line":8,"column":56}},"3":{"start":{"line":7,"column":0},"end":{"line":7,"column":16}}},"fnMap":{"0":{"name":"okResponse","decl":{"start":{"line":3,"column":16},"end":{"line":3,"column":26}},"loc":{"start":{"line":3,"column":72},"end":{"line":5,"column":1}}},"1":{"name":"errorResponse","decl":{"start":{"line":7,"column":16},"end":{"line":7,"column":29}},"loc":{"start":{"line":7,"column":75},"end":{"line":9,"column":1}}}},"branchMap":{},"s":{"0":1,"1":1,"2":1,"3":1},"f":{"0":1,"1":1},"b":{}}
,"/Users/kennethlandsbaum/ts-di/src/util/passwords.ts": {"path":"/Users/kennethlandsbaum/ts-di/src/util/passwords.ts","statementMap":{"0":{"start":{"line":1,"column":0},"end":{"line":1,"column":28}},"1":{"start":{"line":4,"column":15},"end":{"line":4,"column":53}},"2":{"start":{"line":5,"column":2},"end":{"line":7,"column":21}},"3":{"start":{"line":3,"column":0},"end":{"line":3,"column":16}}},"fnMap":{"0":{"name":"createHashedPassword","decl":{"start":{"line":3,"column":16},"end":{"line":3,"column":36}},"loc":{"start":{"line":3,"column":62},"end":{"line":8,"column":1}}}},"branchMap":{},"s":{"0":1,"1":1,"2":1,"3":1},"f":{"0":1},"b":{}}
}
