{"C:\\Users\\me\\Desktop\\node-apps\\ts-di\\src\\routes\\users\\userController.ts": {"path":"C:\\Users\\me\\Desktop\\node-apps\\ts-di\\src\\routes\\users\\userController.ts","statementMap":{"0":{"start":{"line":2,"column":0},"end":{"line":2,"column":72}},"1":{"start":{"line":4,"column":0},"end":{"line":4,"column":68}},"2":{"start":{"line":5,"column":0},"end":{"line":5,"column":59}},"3":{"start":{"line":7,"column":0},"end":{"line":7,"column":60}},"4":{"start":{"line":10,"column":17},"end":{"line":10,"column":68}},"5":{"start":{"line":11,"column":2},"end":{"line":13,"column":60}},"6":{"start":{"line":12,"column":20},"end":{"line":12,"column":47}},"7":{"start":{"line":13,"column":21},"end":{"line":13,"column":58}},"8":{"start":{"line":9,"column":0},"end":{"line":9,"column":22}},"9":{"start":{"line":23,"column":6},"end":{"line":23,"column":9}},"10":{"start":{"line":24,"column":20},"end":{"line":24,"column":36}},"11":{"start":{"line":25,"column":2},"end":{"line":27,"column":null}},"12":{"start":{"line":26,"column":4},"end":{"line":26,"column":80}},"13":{"start":{"line":28,"column":2},"end":{"line":28,"column":9}},"14":{"start":{"line":16,"column":0},"end":{"line":16,"column":16}},"15":{"start":{"line":32,"column":17},"end":{"line":34,"column":null}},"16":{"start":{"line":36,"column":2},"end":{"line":42,"column":60}},"17":{"start":{"line":38,"column":6},"end":{"line":40,"column":58}},"18":{"start":{"line":42,"column":21},"end":{"line":42,"column":58}},"19":{"start":{"line":31,"column":0},"end":{"line":31,"column":22}},"20":{"start":{"line":46,"column":2},"end":{"line":46,"column":13}},"21":{"start":{"line":50,"column":2},"end":{"line":55,"column":4}},"22":{"start":{"line":63,"column":19},"end":{"line":63,"column":22}},"23":{"start":{"line":64,"column":2},"end":{"line":66,"column":null}},"24":{"start":{"line":65,"column":4},"end":{"line":65,"column":63}},"25":{"start":{"line":67,"column":38},"end":{"line":67,"column":73}},"26":{"start":{"line":68,"column":53},"end":{"line":68,"column":57}},"27":{"start":{"line":69,"column":15},"end":{"line":74,"column":4}},"28":{"start":{"line":75,"column":2},"end":{"line":75,"column":23}},"29":{"start":{"line":76,"column":2},"end":{"line":76,"column":9}},"30":{"start":{"line":58,"column":0},"end":{"line":58,"column":16}},"31":{"start":{"line":82,"column":6},"end":{"line":82,"column":9}},"32":{"start":{"line":83,"column":17},"end":{"line":83,"column":73}},"33":{"start":{"line":84,"column":2},"end":{"line":86,"column":60}},"34":{"start":{"line":85,"column":20},"end":{"line":85,"column":47}},"35":{"start":{"line":86,"column":21},"end":{"line":86,"column":58}},"36":{"start":{"line":79,"column":0},"end":{"line":79,"column":22}}},"fnMap":{"0":{"name":"getUsersRoute","decl":{"start":{"line":9,"column":22},"end":{"line":9,"column":35}},"loc":{"start":{"line":9,"column":63},"end":{"line":14,"column":null}}},"1":{"name":"(anonymous_9)","decl":{"start":{"line":12,"column":9},"end":{"line":12,"column":10}},"loc":{"start":{"line":12,"column":20},"end":{"line":12,"column":47}}},"2":{"name":"(anonymous_10)","decl":{"start":{"line":13,"column":12},"end":{"line":13,"column":13}},"loc":{"start":{"line":13,"column":21},"end":{"line":13,"column":58}}},"3":{"name":"validateGetUser","decl":{"start":{"line":16,"column":16},"end":{"line":16,"column":31}},"loc":{"start":{"line":19,"column":20},"end":{"line":29,"column":1}}},"4":{"name":"getUserRoute","decl":{"start":{"line":31,"column":22},"end":{"line":31,"column":34}},"loc":{"start":{"line":31,"column":62},"end":{"line":43,"column":null}}},"5":{"name":"(anonymous_14)","decl":{"start":{"line":37,"column":9},"end":{"line":37,"column":10}},"loc":{"start":{"line":37,"column":19},"end":{"line":41,"column":5}}},"6":{"name":"(anonymous_15)","decl":{"start":{"line":42,"column":12},"end":{"line":42,"column":13}},"loc":{"start":{"line":42,"column":21},"end":{"line":42,"column":58}}},"7":{"name":"getNumericId","decl":{"start":{"line":45,"column":9},"end":{"line":45,"column":21}},"loc":{"start":{"line":45,"column":32},"end":{"line":47,"column":1}}},"8":{"name":"userDataIsValid","decl":{"start":{"line":49,"column":9},"end":{"line":49,"column":24}},"loc":{"start":{"line":49,"column":34},"end":{"line":56,"column":1}}},"9":{"name":"createUserFromPost","decl":{"start":{"line":58,"column":16},"end":{"line":58,"column":34}},"loc":{"start":{"line":61,"column":20},"end":{"line":77,"column":1}}},"10":{"name":"postUserRoute","decl":{"start":{"line":79,"column":22},"end":{"line":79,"column":35}},"loc":{"start":{"line":79,"column":63},"end":{"line":87,"column":null}}},"11":{"name":"(anonymous_21)","decl":{"start":{"line":85,"column":9},"end":{"line":85,"column":10}},"loc":{"start":{"line":85,"column":20},"end":{"line":85,"column":47}}},"12":{"name":"(anonymous_22)","decl":{"start":{"line":86,"column":12},"end":{"line":86,"column":13}},"loc":{"start":{"line":86,"column":21},"end":{"line":86,"column":58}}}},"branchMap":{"0":{"loc":{"start":{"line":25,"column":2},"end":{"line":27,"column":null}},"type":"if","locations":[{"start":{"line":25,"column":2},"end":{"line":27,"column":null}}]},"1":{"loc":{"start":{"line":38,"column":6},"end":{"line":40,"column":57}},"type":"cond-expr","locations":[{"start":{"line":39,"column":10},"end":{"line":39,"column":37}},{"start":{"line":40,"column":10},"end":{"line":40,"column":57}}]},"2":{"loc":{"start":{"line":51,"column":4},"end":{"line":54,"column":18}},"type":"binary-expr","locations":[{"start":{"line":51,"column":4},"end":{"line":51,"column":20}},{"start":{"line":52,"column":4},"end":{"line":52,"column":19}},{"start":{"line":53,"column":4},"end":{"line":53,"column":15}},{"start":{"line":54,"column":4},"end":{"line":54,"column":18}}]},"3":{"loc":{"start":{"line":64,"column":2},"end":{"line":66,"column":null}},"type":"if","locations":[{"start":{"line":64,"column":2},"end":{"line":66,"column":null}}]}},"s":{"0":1,"1":1,"2":1,"3":1,"4":2,"5":2,"6":1,"7":1,"8":1,"9":2,"10":2,"11":2,"12":1,"13":1,"14":1,"15":3,"16":3,"17":2,"18":1,"19":1,"20":2,"21":2,"22":2,"23":2,"24":1,"25":1,"26":1,"27":1,"28":1,"29":1,"30":1,"31":2,"32":2,"33":2,"34":1,"35":1,"36":1},"f":{"0":2,"1":1,"2":1,"3":2,"4":3,"5":2,"6":1,"7":2,"8":2,"9":2,"10":2,"11":1,"12":1},"b":{"0":[1],"1":[1,1],"2":[2,2,1,1],"3":[1]}}
,"C:\\Users\\me\\Desktop\\node-apps\\ts-di\\src\\services\\userService.ts": {"path":"C:\\Users\\me\\Desktop\\node-apps\\ts-di\\src\\services\\userService.ts","statementMap":{"0":{"start":{"line":1,"column":0},"end":{"line":1,"column":37}},"1":{"start":{"line":6,"column":2},"end":{"line":11,"column":null}},"2":{"start":{"line":7,"column":18},"end":{"line":7,"column":40}},"3":{"start":{"line":8,"column":4},"end":{"line":8,"column":21}},"4":{"start":{"line":10,"column":4},"end":{"line":10,"column":18}},"5":{"start":{"line":5,"column":0},"end":{"line":5,"column":22}},"6":{"start":{"line":15,"column":2},"end":{"line":20,"column":null}},"7":{"start":{"line":16,"column":17},"end":{"line":16,"column":50}},"8":{"start":{"line":17,"column":4},"end":{"line":17,"column":20}},"9":{"start":{"line":19,"column":4},"end":{"line":19,"column":18}},"10":{"start":{"line":14,"column":0},"end":{"line":14,"column":22}},"11":{"start":{"line":24,"column":2},"end":{"line":29,"column":null}},"12":{"start":{"line":25,"column":21},"end":{"line":25,"column":47}},"13":{"start":{"line":26,"column":4},"end":{"line":26,"column":24}},"14":{"start":{"line":28,"column":4},"end":{"line":28,"column":18}},"15":{"start":{"line":23,"column":0},"end":{"line":23,"column":22}}},"fnMap":{"0":{"name":"getUsers","decl":{"start":{"line":5,"column":22},"end":{"line":5,"column":30}},"loc":{"start":{"line":5,"column":58},"end":{"line":12,"column":null}}},"1":{"name":"getUser","decl":{"start":{"line":14,"column":22},"end":{"line":14,"column":29}},"loc":{"start":{"line":14,"column":69},"end":{"line":21,"column":null}}},"2":{"name":"addUser","decl":{"start":{"line":23,"column":22},"end":{"line":23,"column":29}},"loc":{"start":{"line":23,"column":69},"end":{"line":30,"column":null}}}},"branchMap":{},"s":{"0":1,"1":2,"2":2,"3":1,"4":1,"5":1,"6":2,"7":2,"8":1,"9":1,"10":1,"11":2,"12":2,"13":1,"14":1,"15":1},"f":{"0":2,"1":2,"2":2},"b":{}}
,"C:\\Users\\me\\Desktop\\node-apps\\ts-di\\src\\util\\passwords.ts": {"path":"C:\\Users\\me\\Desktop\\node-apps\\ts-di\\src\\util\\passwords.ts","statementMap":{"0":{"start":{"line":1,"column":0},"end":{"line":1,"column":28}},"1":{"start":{"line":4,"column":15},"end":{"line":4,"column":53}},"2":{"start":{"line":5,"column":2},"end":{"line":7,"column":21}},"3":{"start":{"line":3,"column":0},"end":{"line":3,"column":16}}},"fnMap":{"0":{"name":"createHashedPassword","decl":{"start":{"line":3,"column":16},"end":{"line":3,"column":36}},"loc":{"start":{"line":3,"column":62},"end":{"line":8,"column":1}}}},"branchMap":{},"s":{"0":1,"1":1,"2":1,"3":1},"f":{"0":1},"b":{}}
}
