TN:
SF:src\routes\users\userController.ts
FN:9,getUsersRoute
FN:12,(anonymous_9)
FN:13,(anonymous_10)
FN:16,validateGetUser
FN:31,getUserRoute
FN:37,(anonymous_14)
FN:42,(anonymous_15)
FN:45,getNumericId
FN:49,userDataIsValid
FN:58,createUserFromPost
FN:79,postUserRoute
FN:85,(anonymous_21)
FN:86,(anonymous_22)
FNF:13
FNH:13
FNDA:2,getUsersRoute
FNDA:1,(anonymous_9)
FNDA:1,(anonymous_10)
FNDA:2,validateGetUser
FNDA:3,getUserRoute
FNDA:2,(anonymous_14)
FNDA:1,(anonymous_15)
FNDA:2,getNumericId
FNDA:2,userDataIsValid
FNDA:2,createUserFromPost
FNDA:2,postUserRoute
FNDA:1,(anonymous_21)
FNDA:1,(anonymous_22)
DA:2,1
DA:4,1
DA:5,1
DA:7,1
DA:9,1
DA:10,2
DA:11,2
DA:12,1
DA:13,1
DA:16,1
DA:23,2
DA:24,2
DA:25,2
DA:26,1
DA:28,1
DA:31,1
DA:32,3
DA:36,3
DA:38,2
DA:42,1
DA:46,2
DA:50,2
DA:58,1
DA:63,2
DA:64,2
DA:65,1
DA:67,1
DA:68,1
DA:69,1
DA:75,1
DA:76,1
DA:79,1
DA:82,2
DA:83,2
DA:84,2
DA:85,1
DA:86,1
LF:37
LH:37
BRDA:25,0,0,1
BRDA:38,1,0,1
BRDA:38,1,1,1
BRDA:51,2,0,2
BRDA:51,2,1,2
BRDA:51,2,2,1
BRDA:51,2,3,1
BRDA:64,3,0,1
BRF:8
BRH:8
end_of_record
TN:
SF:src\services\userService.ts
FN:5,getUsers
FN:14,getUser
FN:23,addUser
FNF:3
FNH:3
FNDA:2,getUsers
FNDA:2,getUser
FNDA:2,addUser
DA:1,1
DA:5,1
DA:6,2
DA:7,2
DA:8,1
DA:10,1
DA:14,1
DA:15,2
DA:16,2
DA:17,1
DA:19,1
DA:23,1
DA:24,2
DA:25,2
DA:26,1
DA:28,1
LF:16
LH:16
BRF:0
BRH:0
end_of_record
TN:
SF:src\util\passwords.ts
FN:3,createHashedPassword
FNF:1
FNH:1
FNDA:1,createHashedPassword
DA:1,1
DA:3,1
DA:4,1
DA:5,1
LF:4
LH:4
BRF:0
BRH:0
end_of_record
