TN:
SF:src/constants/Repositories.ts
FN:1,(anonymous_0)
FNF:1
FNH:1
FNDA:1,(anonymous_0)
DA:1,1
DA:2,1
DA:3,1
DA:4,1
LF:4
LH:4
BRDA:1,0,0,1
BRDA:1,0,1,1
BRF:2
BRH:2
end_of_record
TN:
SF:src/routes/users/userController.ts
FN:10,getUsersRoute
FN:13,(anonymous_9)
FN:14,(anonymous_10)
FN:17,validateGetUser
FN:32,getUserRoute
FN:38,(anonymous_14)
FN:43,(anonymous_15)
FN:46,getNumericId
FN:50,userDataIsValid
FN:59,createUserFromPost
FN:82,postUserRoute
FN:91,(anonymous_21)
FN:92,(anonymous_22)
FN:95,validateUpdateUser
FN:102,updateUserRoute
FN:110,(anonymous_26)
FN:111,(anonymous_27)
FNF:17
FNH:17
FNDA:2,getUsersRoute
FNDA:1,(anonymous_9)
FNDA:1,(anonymous_10)
FNDA:2,validateGetUser
FNDA:3,getUserRoute
FNDA:2,(anonymous_14)
FNDA:1,(anonymous_15)
FNDA:2,getNumericId
FNDA:2,userDataIsValid
FNDA:2,createUserFromPost
FNDA:2,postUserRoute
FNDA:1,(anonymous_21)
FNDA:1,(anonymous_22)
FNDA:4,validateUpdateUser
FNDA:2,updateUserRoute
FNDA:1,(anonymous_26)
FNDA:1,(anonymous_27)
DA:2,1
DA:3,1
DA:4,1
DA:6,1
DA:8,1
DA:10,1
DA:11,2
DA:12,2
DA:13,1
DA:14,1
DA:17,1
DA:24,2
DA:25,2
DA:26,2
DA:27,1
DA:29,1
DA:32,1
DA:33,3
DA:37,3
DA:39,2
DA:43,1
DA:47,2
DA:51,2
DA:59,1
DA:64,2
DA:65,2
DA:66,1
DA:68,1
DA:71,1
DA:72,1
DA:78,1
DA:79,1
DA:82,1
DA:85,2
DA:86,2
DA:90,2
DA:91,1
DA:92,1
DA:95,1
DA:96,4
DA:97,4
DA:98,3
DA:100,1
DA:102,1
DA:103,2
DA:104,2
DA:109,2
DA:110,1
DA:111,1
LF:49
LH:49
BRDA:26,0,0,1
BRDA:39,1,0,1
BRDA:39,1,1,1
BRDA:52,2,0,2
BRDA:52,2,1,2
BRDA:52,2,2,1
BRDA:52,2,3,1
BRDA:65,3,0,1
BRDA:97,4,0,3
BRDA:97,5,0,4
BRDA:97,5,1,3
BRDA:97,5,2,2
BRDA:97,5,3,1
BRDA:97,5,4,1
BRF:14
BRH:14
end_of_record
TN:
SF:src/services/userService.ts
FN:5,getUsers
FN:14,getUser
FN:23,addUser
FN:32,updateUser
FNF:4
FNH:4
FNDA:2,getUsers
FNDA:2,getUser
FNDA:2,addUser
FNDA:2,updateUser
DA:1,1
DA:5,1
DA:6,2
DA:7,2
DA:8,1
DA:10,1
DA:14,1
DA:15,2
DA:16,2
DA:17,1
DA:19,1
DA:23,1
DA:24,2
DA:25,2
DA:26,1
DA:28,1
DA:32,1
DA:33,2
DA:34,2
DA:35,1
DA:37,1
LF:21
LH:21
BRF:0
BRH:0
end_of_record
TN:
SF:src/util/apiResponses.ts
FN:3,okResponse
FN:7,errorResponse
FNF:2
FNH:2
FNDA:1,okResponse
FNDA:1,errorResponse
DA:3,1
DA:4,1
DA:7,1
DA:8,1
LF:4
LH:4
BRF:0
BRH:0
end_of_record
TN:
SF:src/util/passwords.ts
FN:3,createHashedPassword
FNF:1
FNH:1
FNDA:1,createHashedPassword
DA:1,1
DA:3,1
DA:4,1
DA:5,1
LF:4
LH:4
BRF:0
BRH:0
end_of_record
